{"/Users/maric/Workspace/dev/gittodoro/gittodoro-ts/interactor/use-cases/EndSessionCommand.ts": {"path":"/Users/maric/Workspace/dev/gittodoro/gittodoro-ts/interactor/use-cases/EndSessionCommand.ts","statementMap":{"0":{"start":{"line":7,"column":0},"end":{"line":7,"column":13}},"1":{"start":{"line":13,"column":4},"end":{"line":13,"column":null}},"2":{"start":{"line":14,"column":4},"end":{"line":14,"column":null}},"3":{"start":{"line":17,"column":2},"end":{"line":25,"column":null}},"4":{"start":{"line":18,"column":20},"end":{"line":18,"column":67}},"5":{"start":{"line":19,"column":45},"end":{"line":23,"column":null}},"6":{"start":{"line":24,"column":4},"end":{"line":24,"column":null}},"7":{"start":{"line":27,"column":0},"end":{"line":27,"column":null}},"8":{"start":{"line":7,"column":13},"end":{"line":7,"column":30}}},"fnMap":{"0":{"name":"(anonymous_0)","decl":{"start":{"line":7,"column":0},"end":{"line":7,"column":13}},"loc":{"start":{"line":7,"column":0},"end":{"line":27,"column":null}}},"1":{"name":"EndSessionCommand","decl":{"start":{"line":12,"column":2},"end":{"line":12,"column":14}},"loc":{"start":{"line":12,"column":106},"end":{"line":15,"column":3}}},"2":{"name":"(anonymous_2)","decl":{"start":{"line":17,"column":2},"end":{"line":17,"column":9}},"loc":{"start":{"line":17,"column":36},"end":{"line":25,"column":3}}}},"branchMap":{},"s":{"0":1,"1":1,"2":1,"3":1,"4":1,"5":1,"6":1,"7":1,"8":1},"f":{"0":1,"1":1,"2":1},"b":{}}
,"/Users/maric/Workspace/dev/gittodoro/gittodoro-ts/interactor/use-cases/StartSessionCommand.ts": {"path":"/Users/maric/Workspace/dev/gittodoro/gittodoro-ts/interactor/use-cases/StartSessionCommand.ts","statementMap":{"0":{"start":{"line":7,"column":0},"end":{"line":7,"column":13}},"1":{"start":{"line":12,"column":4},"end":{"line":12,"column":null}},"2":{"start":{"line":13,"column":4},"end":{"line":13,"column":null}},"3":{"start":{"line":16,"column":2},"end":{"line":23,"column":null}},"4":{"start":{"line":17,"column":20},"end":{"line":17,"column":72}},"5":{"start":{"line":18,"column":45},"end":{"line":21,"column":null}},"6":{"start":{"line":22,"column":4},"end":{"line":22,"column":null}},"7":{"start":{"line":24,"column":0},"end":{"line":24,"column":null}},"8":{"start":{"line":7,"column":13},"end":{"line":7,"column":32}}},"fnMap":{"0":{"name":"(anonymous_0)","decl":{"start":{"line":7,"column":0},"end":{"line":7,"column":13}},"loc":{"start":{"line":7,"column":0},"end":{"line":24,"column":null}}},"1":{"name":"StartSessionCommand","decl":{"start":{"line":11,"column":2},"end":{"line":11,"column":14}},"loc":{"start":{"line":11,"column":106},"end":{"line":14,"column":3}}},"2":{"name":"(anonymous_2)","decl":{"start":{"line":16,"column":2},"end":{"line":16,"column":9}},"loc":{"start":{"line":16,"column":38},"end":{"line":23,"column":3}}}},"branchMap":{},"s":{"0":1,"1":1,"2":1,"3":1,"4":1,"5":1,"6":1,"7":1,"8":1},"f":{"0":1,"1":1,"2":1},"b":{}}
,"/Users/maric/Workspace/dev/gittodoro/gittodoro-ts/interactor/use-cases/ViewDurationDetailsCommand.ts": {"path":"/Users/maric/Workspace/dev/gittodoro/gittodoro-ts/interactor/use-cases/ViewDurationDetailsCommand.ts","statementMap":{"0":{"start":{"line":6,"column":0},"end":{"line":6,"column":13}},"1":{"start":{"line":11,"column":4},"end":{"line":11,"column":null}},"2":{"start":{"line":12,"column":4},"end":{"line":12,"column":31}},"3":{"start":{"line":15,"column":2},"end":{"line":18,"column":null}},"4":{"start":{"line":16,"column":21},"end":{"line":16,"column":58}},"5":{"start":{"line":17,"column":4},"end":{"line":17,"column":null}},"6":{"start":{"line":19,"column":0},"end":{"line":19,"column":null}},"7":{"start":{"line":6,"column":13},"end":{"line":6,"column":39}}},"fnMap":{"0":{"name":"(anonymous_2)","decl":{"start":{"line":6,"column":0},"end":{"line":6,"column":13}},"loc":{"start":{"line":6,"column":0},"end":{"line":19,"column":null}}},"1":{"name":"ViewDurationDetailsCommand","decl":{"start":{"line":10,"column":2},"end":{"line":10,"column":14}},"loc":{"start":{"line":10,"column":94},"end":{"line":13,"column":3}}},"2":{"name":"(anonymous_4)","decl":{"start":{"line":15,"column":2},"end":{"line":15,"column":9}},"loc":{"start":{"line":15,"column":34},"end":{"line":18,"column":3}}}},"branchMap":{},"s":{"0":1,"1":1,"2":1,"3":1,"4":1,"5":1,"6":1,"7":1},"f":{"0":1,"1":1,"2":1},"b":{}}
}
