TN:
SF:interactor/use-cases/EndSessionCommand.ts
FN:7,(anonymous_0)
FN:12,EndSessionCommand
FN:17,(anonymous_2)
FNF:3
FNH:3
FNDA:1,(anonymous_0)
FNDA:1,EndSessionCommand
FNDA:1,(anonymous_2)
DA:7,1
DA:13,1
DA:14,1
DA:17,1
DA:18,1
DA:19,1
DA:24,1
DA:27,1
LF:8
LH:8
BRF:0
BRH:0
end_of_record
TN:
SF:interactor/use-cases/StartSessionCommand.ts
FN:7,(anonymous_0)
FN:11,StartSessionCommand
FN:16,(anonymous_2)
FNF:3
FNH:3
FNDA:1,(anonymous_0)
FNDA:1,StartSessionCommand
FNDA:1,(anonymous_2)
DA:7,1
DA:12,1
DA:13,1
DA:16,1
DA:17,1
DA:18,1
DA:22,1
DA:24,1
LF:8
LH:8
BRF:0
BRH:0
end_of_record
TN:
SF:interactor/use-cases/ViewDurationDetailsCommand.ts
FN:6,(anonymous_2)
FN:10,ViewDurationDetailsCommand
FN:15,(anonymous_4)
FNF:3
FNH:3
FNDA:1,(anonymous_2)
FNDA:1,ViewDurationDetailsCommand
FNDA:1,(anonymous_4)
DA:6,1
DA:11,1
DA:12,1
DA:15,1
DA:16,1
DA:17,1
DA:19,1
LF:7
LH:7
BRF:0
BRH:0
end_of_record
